#
# There is insufficient memory for the Java Runtime Environment to continue.
# Native memory allocation (malloc) failed to allocate 2097152 bytes for AllocateHeap
# Possible reasons:
#   The system is out of physical RAM or swap space
#   The process is running with CompressedOops enabled, and the Java Heap may be blocking the growth of the native heap
# Possible solutions:
#   Reduce memory load on the system
#   Increase physical memory or swap space
#   Check if swap backing store is full
#   Decrease Java heap size (-Xmx/-Xms)
#   Decrease number of Java threads
#   Decrease Java thread stack sizes (-Xss)
#   Set larger code cache with -XX:ReservedCodeCacheSize=
#   JVM is running with Unscaled Compressed Oops mode in which the Java heap is
#     placed in the first 4GB address space. The Java Heap base address is the
#     maximum limit for the native heap growth. Please use -XX:HeapBaseMinAddress
#     to set the Java Heap base and to place the Java Heap above 4GB virtual address.
# This output file may be truncated or incomplete.
#
#  Out of Memory Error (allocation.cpp:44), pid=32320, tid=7932
#
# JRE version: OpenJDK Runtime Environment Temurin-17.0.10+7 (17.0.10+7) (build 17.0.10+7)
# Java VM: OpenJDK 64-Bit Server VM Temurin-17.0.10+7 (17.0.10+7, mixed mode, emulated-client, tiered, compressed oops, compressed class ptrs, g1 gc, windows-amd64)
# No core dump will be written. Minidumps are not enabled by default on client versions of Windows
#

---------------  S U M M A R Y ------------

Command Line: -XX:+HeapDumpOnOutOfMemoryError -Xmx1024m -Dsts.lsp.client=vscode -Dsts.log.file=/dev/null -XX:TieredStopAtLevel=1 -Xlog:jni+resolve=off -Dspring.config.location=file:c:\Users\linjingxuan\.vscode\extensions\vmware.vscode-spring-boot-1.52.0\language-server\BOOT-INF\classes\application.properties org.springframework.ide.vscode.boot.app.BootLanguageServerBootApp

Host: AMD Ryzen 7 4800H with Radeon Graphics         , 16 cores, 7G,  Windows 11 , 64 bit Build 22621 (10.0.22621.3085)
Time: Tue Mar  5 16:53:43 2024  Windows 11 , 64 bit Build 22621 (10.0.22621.3085) elapsed time: 883.452612 seconds (0d 0h 14m 43s)

---------------  T H R E A D  ---------------

Current thread (0x000001abc2aa4120):  VMThread "VM Thread" [stack: 0x0000009222000000,0x0000009222100000] [id=7932]

Stack: [0x0000009222000000,0x0000009222100000]
Native frames: (J=compiled Java code, j=interpreted, Vv=VM code, C=native code)
V  [jvm.dll+0x67d2c9]
V  [jvm.dll+0x834afa]
V  [jvm.dll+0x8365be]
V  [jvm.dll+0x836c23]
V  [jvm.dll+0x2477ff]
V  [jvm.dll+0xa6c93]
V  [jvm.dll+0x2f86f1]
V  [jvm.dll+0x2f42e0]
V  [jvm.dll+0x2dc8c7]
V  [jvm.dll+0x31fb87]
V  [jvm.dll+0x83b11b]
V  [jvm.dll+0x83be61]
V  [jvm.dll+0x83c37d]
V  [jvm.dll+0x83c754]
V  [jvm.dll+0x83c820]
V  [jvm.dll+0x7e3fba]
V  [jvm.dll+0x67c1b5]
C  [ucrtbase.dll+0x29363]
C  [KERNEL32.DLL+0x1257d]
C  [ntdll.dll+0x5aa58]

VM_Operation (0x0000009223eff2a0): G1CollectFull, mode: safepoint, requested by thread 0x000001abc83bce60


---------------  P R O C E S S  ---------------

Threads class SMR info:
_java_thread_list=0x000001abc94faf90, length=37, elements={
0x000001abc2ab8380, 0x000001abc2ab9930, 0x000001abc2b606e0, 0x000001abc2b60fb0,
0x000001abc2b61a90, 0x000001abc2b848f0, 0x000001abc2b882d0, 0x000001abc2b8b200,
0x000001abc2d91850, 0x000001abc2d961d0, 0x000001abc83be2a0, 0x000001abc83bce60,
0x000001abc83bc950, 0x000001abc83bfbf0, 0x000001abc83bf6e0, 0x000001abc83bd880,
0x000001abc83bd370, 0x000001abc83bdd90, 0x000001abc83be7b0, 0x000001abc83becc0,
0x000001abc84c8b70, 0x000001abc84c9080, 0x000001abc84c9590, 0x000001abc84c9aa0,
0x000001abc84c53c0, 0x000001abc84c3050, 0x000001abc84c6800, 0x000001abc84c7c40,
0x000001abc84c8150, 0x000001abc84c9fb0, 0x000001abc84ca4c0, 0x000001abc84c3a70,
0x000001abc84c8660, 0x000001abc84c62f0, 0x000001abc84c4490, 0x000001abc85e39d0,
0x000001abc85e85c0
}

Java Threads: ( => current thread )
  0x000001abc2ab8380 JavaThread "Reference Handler" daemon [_thread_blocked, id=6828, stack(0x0000009222100000,0x0000009222200000)]
  0x000001abc2ab9930 JavaThread "Finalizer" daemon [_thread_blocked, id=16880, stack(0x0000009222200000,0x0000009222300000)]
  0x000001abc2b606e0 JavaThread "Signal Dispatcher" daemon [_thread_blocked, id=17432, stack(0x0000009222300000,0x0000009222400000)]
  0x000001abc2b60fb0 JavaThread "Attach Listener" daemon [_thread_blocked, id=12584, stack(0x0000009222400000,0x0000009222500000)]
  0x000001abc2b61a90 JavaThread "Service Thread" daemon [_thread_blocked, id=30104, stack(0x0000009222500000,0x0000009222600000)]
  0x000001abc2b848f0 JavaThread "Monitor Deflation Thread" daemon [_thread_blocked, id=15616, stack(0x0000009222600000,0x0000009222700000)]
  0x000001abc2b882d0 JavaThread "C1 CompilerThread0" daemon [_thread_blocked, id=27312, stack(0x0000009222700000,0x0000009222800000)]
  0x000001abc2b8b200 JavaThread "Sweeper thread" daemon [_thread_blocked, id=26744, stack(0x0000009222800000,0x0000009222900000)]
  0x000001abc2d91850 JavaThread "Notification Thread" daemon [_thread_blocked, id=18584, stack(0x0000009222a00000,0x0000009222b00000)]
  0x000001abc2d961d0 JavaThread "Common-Cleaner" daemon [_thread_blocked, id=3364, stack(0x0000009222c00000,0x0000009222d00000)]
  0x000001abc83be2a0 JavaThread "boundedElastic-evictor-1" daemon [_thread_blocked, id=7028, stack(0x0000009223d00000,0x0000009223e00000)]
  0x000001abc83bce60 JavaThread "pool-12-thread-1" [_thread_blocked, id=9432, stack(0x0000009223e00000,0x0000009223f00000)]
  0x000001abc83bc950 JavaThread "LanguageServerApp-lifecycle" [_thread_blocked, id=22772, stack(0x0000009223f00000,0x0000009224000000)]
  0x000001abc83bfbf0 JavaThread "DestroyJavaVM" [_thread_blocked, id=14100, stack(0x0000009221a00000,0x0000009221b00000)]
  0x000001abc83bf6e0 JavaThread "pool-13-thread-1" [_thread_in_native, id=19716, stack(0x0000009224000000,0x0000009224100000)]
  0x000001abc83bd880 JavaThread "Simple-Language-Server main thread" daemon [_thread_blocked, id=18040, stack(0x0000009224100000,0x0000009224200000)]
  0x000001abc83bd370 JavaThread "pool-8-thread-1" [_thread_blocked, id=25688, stack(0x0000009224400000,0x0000009224500000)]
  0x000001abc83bdd90 JavaThread "parallel-1" daemon [_thread_blocked, id=33072, stack(0x0000009224500000,0x0000009224600000)]
  0x000001abc83be7b0 JavaThread "parallel-2" daemon [_thread_blocked, id=12116, stack(0x0000009224600000,0x0000009224700000)]
  0x000001abc83becc0 JavaThread "parallel-3" daemon [_thread_blocked, id=31644, stack(0x0000009224700000,0x0000009224800000)]
  0x000001abc84c8b70 JavaThread "parallel-4" daemon [_thread_blocked, id=10232, stack(0x0000009224800000,0x0000009224900000)]
  0x000001abc84c9080 JavaThread "parallel-5" daemon [_thread_blocked, id=25464, stack(0x0000009224900000,0x0000009224a00000)]
  0x000001abc84c9590 JavaThread "parallel-6" daemon [_thread_blocked, id=16312, stack(0x0000009224a00000,0x0000009224b00000)]
  0x000001abc84c9aa0 JavaThread "parallel-7" daemon [_thread_blocked, id=4752, stack(0x0000009224b00000,0x0000009224c00000)]
  0x000001abc84c53c0 JavaThread "parallel-8" daemon [_thread_blocked, id=27676, stack(0x0000009224c00000,0x0000009224d00000)]
  0x000001abc84c3050 JavaThread "parallel-9" daemon [_thread_blocked, id=24736, stack(0x0000009224d00000,0x0000009224e00000)]
  0x000001abc84c6800 JavaThread "parallel-10" daemon [_thread_blocked, id=32012, stack(0x0000009224e00000,0x0000009224f00000)]
  0x000001abc84c7c40 JavaThread "parallel-11" daemon [_thread_blocked, id=22952, stack(0x0000009224f00000,0x0000009225000000)]
  0x000001abc84c8150 JavaThread "parallel-12" daemon [_thread_blocked, id=11496, stack(0x0000009225000000,0x0000009225100000)]
  0x000001abc84c9fb0 JavaThread "parallel-13" daemon [_thread_blocked, id=4832, stack(0x0000009225100000,0x0000009225200000)]
  0x000001abc84ca4c0 JavaThread "parallel-14" daemon [_thread_blocked, id=17480, stack(0x0000009225200000,0x0000009225300000)]
  0x000001abc84c3a70 JavaThread "parallel-15" daemon [_thread_blocked, id=11680, stack(0x0000009225300000,0x0000009225400000)]
  0x000001abc84c8660 JavaThread "parallel-16" daemon [_thread_blocked, id=23080, stack(0x0000009225400000,0x0000009225500000)]
  0x000001abc84c62f0 JavaThread "pool-6-thread-1" [_thread_blocked, id=21728, stack(0x0000009225500000,0x0000009225600000)]
  0x000001abc84c4490 JavaThread "Reconciler-1" daemon [_thread_blocked, id=25564, stack(0x0000009225b00000,0x0000009225c00000)]
  0x000001abc85e39d0 JavaThread "pool-5-thread-9" [_thread_blocked, id=20768, stack(0x0000009221700000,0x0000009221800000)]
  0x000001abc85e85c0 JavaThread "pool-4-thread-7" [_thread_blocked, id=7516, stack(0x0000009221800000,0x0000009221900000)]

Other Threads:
=>0x000001abc2aa4120 VMThread "VM Thread" [stack: 0x0000009222000000,0x0000009222100000] [id=7932]
  0x000001abc2d93d40 WatcherThread [stack: 0x0000009222b00000,0x0000009222c00000] [id=15384]
  0x000001abb51f92a0 GCTaskThread "GC Thread#0" [stack: 0x0000009221b00000,0x0000009221c00000] [id=32016]
  0x000001abc7951000 GCTaskThread "GC Thread#1" [stack: 0x0000009222f00000,0x0000009223000000] [id=32460]
  0x000001abc77a25c0 GCTaskThread "GC Thread#2" [stack: 0x0000009223000000,0x0000009223100000] [id=13128]
  0x000001abc77a2880 GCTaskThread "GC Thread#3" [stack: 0x0000009223100000,0x0000009223200000] [id=12964]
  0x000001abc7b5ccc0 GCTaskThread "GC Thread#4" [stack: 0x0000009223200000,0x0000009223300000] [id=29452]
  0x000001abc7a67060 GCTaskThread "GC Thread#5" [stack: 0x0000009223300000,0x0000009223400000] [id=6364]
  0x000001abc77da940 GCTaskThread "GC Thread#6" [stack: 0x0000009223500000,0x0000009223600000] [id=2712]
  0x000001abc77dac00 GCTaskThread "GC Thread#7" [stack: 0x0000009223600000,0x0000009223700000] [id=24392]
  0x000001abc77daec0 GCTaskThread "GC Thread#8" [stack: 0x0000009223700000,0x0000009223800000] [id=30396]
  0x000001abc77db180 GCTaskThread "GC Thread#9" [stack: 0x0000009223800000,0x0000009223900000] [id=13636]
  0x000001abc2beddf0 GCTaskThread "GC Thread#10" [stack: 0x0000009223900000,0x0000009223a00000] [id=26224]
  0x000001abc2bee4c0 GCTaskThread "GC Thread#11" [stack: 0x0000009223a00000,0x0000009223b00000] [id=29656]
  0x000001abc7f04730 GCTaskThread "GC Thread#12" [stack: 0x0000009223400000,0x0000009223500000] [id=26248]
  0x000001abb5202100 ConcurrentGCThread "G1 Main Marker" [stack: 0x0000009221c00000,0x0000009221d00000] [id=25732]
  0x000001abb5202a30 ConcurrentGCThread "G1 Conc#0" [stack: 0x0000009221d00000,0x0000009221e00000] [id=13008]
  0x000001abc7652ea0 ConcurrentGCThread "G1 Conc#1" [stack: 0x0000009223b00000,0x0000009223c00000] [id=11320]
  0x000001abc7752bd0 ConcurrentGCThread "G1 Conc#2" [stack: 0x0000009223c00000,0x0000009223d00000] [id=24972]
  0x000001abc2913c70 ConcurrentGCThread "G1 Refine#0" [stack: 0x0000009221e00000,0x0000009221f00000] [id=21752]
  0x000001abb525b1a0 ConcurrentGCThread "G1 Service" [stack: 0x0000009221f00000,0x0000009222000000] [id=28540]

Threads with active compile tasks:

VM state: at safepoint (normal execution)

VM Mutex/Monitor currently owned by a thread:  ([mutex/lock_event])
[0x000001abb4ed34c0] Threads_lock - owner thread: 0x000001abc2aa4120
[0x000001abb4ecd680] Heap_lock - owner thread: 0x000001abc83bce60

Heap address: 0x00000000c0000000, size: 1024 MB, Compressed Oops mode: 32-bit

CDS archive(s) not mapped
Compressed class space mapped at: 0x0000000100000000-0x0000000140000000, reserved size: 1073741824
Narrow klass base: 0x0000000000000000, Narrow klass shift: 3, Narrow klass range: 0x140000000

GC Precious Log:
 CPUs: 16 total, 16 available
 Memory: 7599M
 Large Page Support: Disabled
 NUMA Support: Disabled
 Compressed Oops: Enabled (32-bit)
 Heap Region Size: 1M
 Heap Min Capacity: 8M
 Heap Initial Capacity: 120M
 Heap Max Capacity: 1G
 Pre-touch: Disabled
 Parallel Workers: 13
 Concurrent Workers: 3
 Concurrent Refinement Workers: 13
 Periodic GC: Disabled

Heap:
 garbage-first heap   total 106496K, used 36235K [0x00000000c0000000, 0x0000000100000000)
  region size 1024K, 3 young (3072K), 0 survivors (0K)
 Metaspace       used 58221K, committed 59008K, reserved 1114112K
  class space    used 7226K, committed 7552K, reserved 1048576K

Heap Regions: E=young(eden), S=young(survivor), O=old, HS=humongous(starts), HC=humongous(continues), CS=collection set, F=free, OA=open archive, CA=closed archive, TAMS=top-at-mark-start (previous, next)
|   0|0x00000000c0000000, 0x00000000c0100000, 0x00000000c0100000|100%|HS|  |TAMS 0x00000000c0100000, 0x00000000c0000000| Untracked 
|   1|0x00000000c0100000, 0x00000000c0200000, 0x00000000c0200000|100%|HC|  |TAMS 0x00000000c0200000, 0x00000000c0100000| Untracked 
|   2|0x00000000c0200000, 0x00000000c0300000, 0x00000000c0300000|100%|HC|  |TAMS 0x00000000c0300000, 0x00000000c0200000| Untracked 
|   3|0x00000000c0300000, 0x00000000c0400000, 0x00000000c0400000|100%|HC|  |TAMS 0x00000000c0400000, 0x00000000c0300000| Untracked 
|   4|0x00000000c0400000, 0x00000000c0500000, 0x00000000c0500000|100%|HS|  |TAMS 0x00000000c0500000, 0x00000000c0400000| Untracked 
|   5|0x00000000c0500000, 0x00000000c0600000, 0x00000000c0600000|100%|HC|  |TAMS 0x00000000c0600000, 0x00000000c0500000| Untracked 
|   6|0x00000000c0600000, 0x00000000c0700000, 0x00000000c0700000|100%| O|  |TAMS 0x00000000c0700000, 0x00000000c0600000| Untracked 
|   7|0x00000000c0700000, 0x00000000c0800000, 0x00000000c0800000|100%| O|  |TAMS 0x00000000c0800000, 0x00000000c0700000| Untracked 
|   8|0x00000000c0800000, 0x00000000c0900000, 0x00000000c0900000|100%| O|  |TAMS 0x00000000c0900000, 0x00000000c0800000| Untracked 
|   9|0x00000000c0900000, 0x00000000c09fd770, 0x00000000c0a00000| 99%| O|  |TAMS 0x00000000c09fd770, 0x00000000c0900000| Untracked 
|  10|0x00000000c0a00000, 0x00000000c0b00000, 0x00000000c0b00000|100%| O|  |TAMS 0x00000000c0b00000, 0x00000000c0a00000| Untracked 
|  11|0x00000000c0b00000, 0x00000000c0c00000, 0x00000000c0c00000|100%| O|  |TAMS 0x00000000c0c00000, 0x00000000c0b00000| Untracked 
|  12|0x00000000c0c00000, 0x00000000c0cffb28, 0x00000000c0d00000| 99%| O|  |TAMS 0x00000000c0cffb28, 0x00000000c0c00000| Untracked 
|  13|0x00000000c0d00000, 0x00000000c0dffff0, 0x00000000c0e00000| 99%| O|  |TAMS 0x00000000c0dffff0, 0x00000000c0d00000| Untracked 
|  14|0x00000000c0e00000, 0x00000000c0f00000, 0x00000000c0f00000|100%| O|  |TAMS 0x00000000c0f00000, 0x00000000c0e00000| Untracked 
|  15|0x00000000c0f00000, 0x00000000c0fffff8, 0x00000000c1000000| 99%| O|  |TAMS 0x00000000c0fffff8, 0x00000000c0f00000| Untracked 
|  16|0x00000000c1000000, 0x00000000c10ffff0, 0x00000000c1100000| 99%| O|  |TAMS 0x00000000c10ffff0, 0x00000000c1000000| Untracked 
|  17|0x00000000c1100000, 0x00000000c11ffff0, 0x00000000c1200000| 99%| O|  |TAMS 0x00000000c11ffff0, 0x00000000c1100000| Untracked 
|  18|0x00000000c1200000, 0x00000000c12ffff0, 0x00000000c1300000| 99%| O|  |TAMS 0x00000000c12ffff0, 0x00000000c1200000| Untracked 
|  19|0x00000000c1300000, 0x00000000c13ffff0, 0x00000000c1400000| 99%| O|  |TAMS 0x00000000c13ffff0, 0x00000000c1300000| Untracked 
|  20|0x00000000c1400000, 0x00000000c14ff3f8, 0x00000000c1500000| 99%| O|  |TAMS 0x00000000c14ff3f8, 0x00000000c1400000| Untracked 
|  21|0x00000000c1500000, 0x00000000c1600000, 0x00000000c1600000|100%| O|  |TAMS 0x00000000c1600000, 0x00000000c1500000| Untracked 
|  22|0x00000000c1600000, 0x00000000c16fffd0, 0x00000000c1700000| 99%| O|  |TAMS 0x00000000c16fffd0, 0x00000000c1600000| Untracked 
|  23|0x00000000c1700000, 0x00000000c17fffc8, 0x00000000c1800000| 99%| O|  |TAMS 0x00000000c17fffc8, 0x00000000c1700000| Untracked 
|  24|0x00000000c1800000, 0x00000000c18ffff8, 0x00000000c1900000| 99%| O|  |TAMS 0x00000000c18ffff8, 0x00000000c1800000| Untracked 
|  25|0x00000000c1900000, 0x00000000c19fffc0, 0x00000000c1a00000| 99%| O|  |TAMS 0x00000000c19fffc0, 0x00000000c1900000| Untracked 
|  26|0x00000000c1a00000, 0x00000000c1affff8, 0x00000000c1b00000| 99%| O|  |TAMS 0x00000000c1affff8, 0x00000000c1a00000| Untracked 
|  27|0x00000000c1b00000, 0x00000000c1bfffe8, 0x00000000c1c00000| 99%| O|  |TAMS 0x00000000c1bfffe8, 0x00000000c1b00000| Untracked 
|  28|0x00000000c1c00000, 0x00000000c1cf4a10, 0x00000000c1d00000| 95%| O|  |TAMS 0x00000000c1cf4a10, 0x00000000c1c00000| Untracked 
|  29|0x00000000c1d00000, 0x00000000c1dfffe8, 0x00000000c1e00000| 99%| O|  |TAMS 0x00000000c1dfffe8, 0x00000000c1d00000| Untracked 
|  30|0x00000000c1e00000, 0x00000000c1effff8, 0x00000000c1f00000| 99%| O|  |TAMS 0x00000000c1effff8, 0x00000000c1e00000| Untracked 
|  31|0x00000000c1f00000, 0x00000000c1f66060, 0x00000000c2000000| 39%| O|  |TAMS 0x00000000c1f00000, 0x00000000c1f00000| Untracked 
|  32|0x00000000c2000000, 0x00000000c200bd08, 0x00000000c2100000|  4%| O|  |TAMS 0x00000000c2000000, 0x00000000c2000000| Untracked 
|  33|0x00000000c2100000, 0x00000000c2100000, 0x00000000c2200000|  0%| F|  |TAMS 0x00000000c2100000, 0x00000000c2100000| Untracked 
|  34|0x00000000c2200000, 0x00000000c2200000, 0x00000000c2300000|  0%| F|  |TAMS 0x00000000c2200000, 0x00000000c2200000| Untracked 
|  35|0x00000000c2300000, 0x00000000c2300000, 0x00000000c2400000|  0%| F|  |TAMS 0x00000000c2300000, 0x00000000c2300000| Untracked 
|  36|0x00000000c2400000, 0x00000000c2400000, 0x00000000c2500000|  0%| F|  |TAMS 0x00000000c2400000, 0x00000000c2400000| Untracked 
|  37|0x00000000c2500000, 0x00000000c2500000, 0x00000000c2600000|  0%| F|  |TAMS 0x00000000c2500000, 0x00000000c2500000| Untracked 
|  38|0x00000000c2600000, 0x00000000c2600000, 0x00000000c2700000|  0%| F|  |TAMS 0x00000000c2600000, 0x00000000c2600000| Untracked 
|  39|0x00000000c2700000, 0x00000000c2700000, 0x00000000c2800000|  0%| F|  |TAMS 0x00000000c2700000, 0x00000000c2700000| Untracked 
|  40|0x00000000c2800000, 0x00000000c2800000, 0x00000000c2900000|  0%| F|  |TAMS 0x00000000c2800000, 0x00000000c2800000| Untracked 
|  41|0x00000000c2900000, 0x00000000c2900000, 0x00000000c2a00000|  0%| F|  |TAMS 0x00000000c2900000, 0x00000000c2900000| Untracked 
|  42|0x00000000c2a00000, 0x00000000c2a00000, 0x00000000c2b00000|  0%| F|  |TAMS 0x00000000c2a00000, 0x00000000c2a00000| Untracked 
|  43|0x00000000c2b00000, 0x00000000c2b00000, 0x00000000c2c00000|  0%| F|  |TAMS 0x00000000c2b00000, 0x00000000c2b00000| Untracked 
|  44|0x00000000c2c00000, 0x00000000c2c00000, 0x00000000c2d00000|  0%| F|  |TAMS 0x00000000c2c00000, 0x00000000c2c00000| Untracked 
|  45|0x00000000c2d00000, 0x00000000c2d00000, 0x00000000c2e00000|  0%| F|  |TAMS 0x00000000c2d00000, 0x00000000c2d00000| Untracked 
|  46|0x00000000c2e00000, 0x00000000c2e00000, 0x00000000c2f00000|  0%| F|  |TAMS 0x00000000c2e00000, 0x00000000c2e00000| Untracked 
|  47|0x00000000c2f00000, 0x00000000c2f00000, 0x00000000c3000000|  0%| F|  |TAMS 0x00000000c2f00000, 0x00000000c2f00000| Untracked 
|  48|0x00000000c3000000, 0x00000000c3000000, 0x00000000c3100000|  0%| F|  |TAMS 0x00000000c3000000, 0x00000000c3000000| Untracked 
|  49|0x00000000c3100000, 0x00000000c3100000, 0x00000000c3200000|  0%| F|  |TAMS 0x00000000c3100000, 0x00000000c3100000| Untracked 
|  50|0x00000000c3200000, 0x00000000c3200000, 0x00000000c3300000|  0%| F|  |TAMS 0x00000000c3200000, 0x00000000c3200000| Untracked 
|  51|0x00000000c3300000, 0x00000000c3300000, 0x00000000c3400000|  0%| F|  |TAMS 0x00000000c3300000, 0x00000000c3300000| Untracked 
|  52|0x00000000c3400000, 0x00000000c3400000, 0x00000000c3500000|  0%| F|  |TAMS 0x00000000c3400000, 0x00000000c3400000| Untracked 
|  53|0x00000000c3500000, 0x00000000c3500000, 0x00000000c3600000|  0%| F|  |TAMS 0x00000000c3500000, 0x00000000c3500000| Untracked 
|  54|0x00000000c3600000, 0x00000000c3600000, 0x00000000c3700000|  0%| F|  |TAMS 0x00000000c3600000, 0x00000000c3600000| Untracked 
|  55|0x00000000c3700000, 0x00000000c3700000, 0x00000000c3800000|  0%| F|  |TAMS 0x00000000c3700000, 0x00000000c3700000| Untracked 
|  56|0x00000000c3800000, 0x00000000c3800000, 0x00000000c3900000|  0%| F|  |TAMS 0x00000000c3800000, 0x00000000c3800000| Untracked 
|  57|0x00000000c3900000, 0x00000000c3900000, 0x00000000c3a00000|  0%| F|  |TAMS 0x00000000c3900000, 0x00000000c3900000| Untracked 
|  58|0x00000000c3a00000, 0x00000000c3a00000, 0x00000000c3b00000|  0%| F|  |TAMS 0x00000000c3a00000, 0x00000000c3a00000| Untracked 
|  59|0x00000000c3b00000, 0x00000000c3b00000, 0x00000000c3c00000|  0%| F|  |TAMS 0x00000000c3b00000, 0x00000000c3b00000| Untracked 
|  60|0x00000000c3c00000, 0x00000000c3c00000, 0x00000000c3d00000|  0%| F|  |TAMS 0x00000000c3c00000, 0x00000000c3c00000| Untracked 
|  61|0x00000000c3d00000, 0x00000000c3d00000, 0x00000000c3e00000|  0%| F|  |TAMS 0x00000000c3d00000, 0x00000000c3d00000| Untracked 
|  62|0x00000000c3e00000, 0x00000000c3e00000, 0x00000000c3f00000|  0%| F|  |TAMS 0x00000000c3e00000, 0x00000000c3e00000| Untracked 
|  63|0x00000000c3f00000, 0x00000000c3f00000, 0x00000000c4000000|  0%| F|  |TAMS 0x00000000c3f00000, 0x00000000c3f00000| Untracked 
|  64|0x00000000c4000000, 0x00000000c4000000, 0x00000000c4100000|  0%| F|  |TAMS 0x00000000c4000000, 0x00000000c4000000| Untracked 
|  65|0x00000000c4100000, 0x00000000c4100000, 0x00000000c4200000|  0%| F|  |TAMS 0x00000000c4100000, 0x00000000c4100000| Untracked 
|  66|0x00000000c4200000, 0x00000000c4200000, 0x00000000c4300000|  0%| F|  |TAMS 0x00000000c4200000, 0x00000000c4200000| Untracked 
|  67|0x00000000c4300000, 0x00000000c4300000, 0x00000000c4400000|  0%| F|  |TAMS 0x00000000c4300000, 0x00000000c4300000| Untracked 
|  68|0x00000000c4400000, 0x00000000c4400000, 0x00000000c4500000|  0%| F|  |TAMS 0x00000000c4400000, 0x00000000c4400000| Untracked 
|  69|0x00000000c4500000, 0x00000000c4500000, 0x00000000c4600000|  0%| F|  |TAMS 0x00000000c4500000, 0x00000000c4500000| Untracked 
|  70|0x00000000c4600000, 0x00000000c4600000, 0x00000000c4700000|  0%| F|  |TAMS 0x00000000c4600000, 0x00000000c4600000| Untracked 
|  71|0x00000000c4700000, 0x00000000c4700000, 0x00000000c4800000|  0%| F|  |TAMS 0x00000000c4700000, 0x00000000c4700000| Untracked 
|  72|0x00000000c4800000, 0x00000000c4800000, 0x00000000c4900000|  0%| F|  |TAMS 0x00000000c4800000, 0x00000000c4800000| Untracked 
|  73|0x00000000c4900000, 0x00000000c4900000, 0x00000000c4a00000|  0%| F|  |TAMS 0x00000000c4900000, 0x00000000c4900000| Untracked 
|  74|0x00000000c4a00000, 0x00000000c4a00000, 0x00000000c4b00000|  0%| F|  |TAMS 0x00000000c4a00000, 0x00000000c4a00000| Untracked 
|  75|0x00000000c4b00000, 0x00000000c4b00000, 0x00000000c4c00000|  0%| F|  |TAMS 0x00000000c4b00000, 0x00000000c4b00000| Untracked 
|  76|0x00000000c4c00000, 0x00000000c4c00000, 0x00000000c4d00000|  0%| F|  |TAMS 0x00000000c4c00000, 0x00000000c4c00000| Untracked 
|  77|0x00000000c4d00000, 0x00000000c4d00000, 0x00000000c4e00000|  0%| F|  |TAMS 0x00000000c4d00000, 0x00000000c4d00000| Untracked 
|  78|0x00000000c4e00000, 0x00000000c4e00000, 0x00000000c4f00000|  0%| F|  |TAMS 0x00000000c4e00000, 0x00000000c4e00000| Untracked 
|  79|0x00000000c4f00000, 0x00000000c4f00000, 0x00000000c5000000|  0%| F|  |TAMS 0x00000000c4f00000, 0x00000000c4f00000| Untracked 
|  80|0x00000000c5000000, 0x00000000c5000000, 0x00000000c5100000|  0%| F|  |TAMS 0x00000000c5000000, 0x00000000c5000000| Untracked 
|  81|0x00000000c5100000, 0x00000000c5100000, 0x00000000c5200000|  0%| F|  |TAMS 0x00000000c5100000, 0x00000000c5100000| Untracked 
|  82|0x00000000c5200000, 0x00000000c5200000, 0x00000000c5300000|  0%| F|  |TAMS 0x00000000c5200000, 0x00000000c5200000| Untracked 
|  83|0x00000000c5300000, 0x00000000c5300000, 0x00000000c5400000|  0%| F|  |TAMS 0x00000000c5300000, 0x00000000c5300000| Untracked 
|  84|0x00000000c5400000, 0x00000000c5400000, 0x00000000c5500000|  0%| F|  |TAMS 0x00000000c5400000, 0x00000000c5400000| Untracked 
|  85|0x00000000c5500000, 0x00000000c5500000, 0x00000000c5600000|  0%| F|  |TAMS 0x00000000c5500000, 0x00000000c5500000| Untracked 
|  86|0x00000000c5600000, 0x00000000c5600000, 0x00000000c5700000|  0%| F|  |TAMS 0x00000000c5600000, 0x00000000c5600000| Untracked 
|  87|0x00000000c5700000, 0x00000000c5700000, 0x00000000c5800000|  0%| F|  |TAMS 0x00000000c5700000, 0x00000000c5700000| Untracked 
|  88|0x00000000c5800000, 0x00000000c5800000, 0x00000000c5900000|  0%| F|  |TAMS 0x00000000c5800000, 0x00000000c5800000| Untracked 
|  89|0x00000000c5900000, 0x00000000c5900000, 0x00000000c5a00000|  0%| F|  |TAMS 0x00000000c5900000, 0x00000000c5900000| Untracked 
|  90|0x00000000c5a00000, 0x00000000c5a00000, 0x00000000c5b00000|  0%| F|  |TAMS 0x00000000c5a00000, 0x00000000c5a00000| Untracked 
|  91|0x00000000c5b00000, 0x00000000c5b00000, 0x00000000c5c00000|  0%| F|  |TAMS 0x00000000c5b00000, 0x00000000c5b00000| Untracked 
|  92|0x00000000c5c00000, 0x00000000c5c00000, 0x00000000c5d00000|  0%| F|  |TAMS 0x00000000c5c00000, 0x00000000c5c00000| Untracked 
|  93|0x00000000c5d00000, 0x00000000c5d00000, 0x00000000c5e00000|  0%| F|  |TAMS 0x00000000c5d00000, 0x00000000c5d00000| Untracked 
|  94|0x00000000c5e00000, 0x00000000c5e00000, 0x00000000c5f00000|  0%| F|  |TAMS 0x00000000c5e00000, 0x00000000c5e00000| Untracked 
|  95|0x00000000c5f00000, 0x00000000c5f00000, 0x00000000c6000000|  0%| F|  |TAMS 0x00000000c5f00000, 0x00000000c5f00000| Untracked 
|  96|0x00000000c6000000, 0x00000000c6000000, 0x00000000c6100000|  0%| F|  |TAMS 0x00000000c6000000, 0x00000000c6000000| Untracked 
|  97|0x00000000c6100000, 0x00000000c6100000, 0x00000000c6200000|  0%| F|  |TAMS 0x00000000c6100000, 0x00000000c6100000| Untracked 
|  98|0x00000000c6200000, 0x00000000c6200000, 0x00000000c6300000|  0%| F|  |TAMS 0x00000000c6200000, 0x00000000c6200000| Untracked 
|  99|0x00000000c6300000, 0x00000000c636ff20, 0x00000000c6400000| 43%| E|  |TAMS 0x00000000c6300000, 0x00000000c6300000| Complete 
| 100|0x00000000c6400000, 0x00000000c6500000, 0x00000000c6500000|100%| E|CS|TAMS 0x00000000c6400000, 0x00000000c6400000| Complete 
| 101|0x00000000c6500000, 0x00000000c6600000, 0x00000000c6600000|100%| O|  |TAMS 0x00000000c6600000, 0x00000000c6500000| Untracked 
| 102|0x00000000c6600000, 0x00000000c6700000, 0x00000000c6700000|100%| O|  |TAMS 0x00000000c6700000, 0x00000000c6600000| Untracked 
| 103|0x00000000c6700000, 0x00000000c6800000, 0x00000000c6800000|100%| E|CS|TAMS 0x00000000c6700000, 0x00000000c6700000| Complete 

Card table byte_map: [0x000001abbd690000,0x000001abbd890000] _byte_map_base: 0x000001abbd090000

Marking Bits (Prev, Next): (CMBitMap*) 0x000001abb51f97d0, (CMBitMap*) 0x000001abb51f9810
 Prev Bits: [0x000001abbda90000, 0x000001abbea90000)
 Next Bits: [0x000001abbea90000, 0x000001abbfa90000)

Polling page: 0x000001abb5260000

Metaspace:

Usage:
  Non-class:     49.80 MB used.
      Class:      7.06 MB used.
       Both:     56.86 MB used.

Virtual space:
  Non-class space:       64.00 MB reserved,      50.25 MB ( 79%) committed,  1 nodes.
      Class space:        1.00 GB reserved,       7.38 MB ( <1%) committed,  1 nodes.
             Both:        1.06 GB reserved,      57.62 MB (  5%) committed. 

Chunk freelists:
   Non-Class:  13.16 MB
       Class:  8.74 MB
        Both:  21.90 MB

MaxMetaspaceSize: unlimited
CompressedClassSpaceSize: 1.00 GB
Initial GC threshold: 21.00 MB
Current GC threshold: 96.06 MB
CDS: off
MetaspaceReclaimPolicy: balanced
 - commit_granule_bytes: 65536.
 - commit_granule_words: 8192.
 - virtual_space_node_default_size: 8388608.
 - enlarge_chunks_in_place: 1.
 - new_chunks_are_fully_committed: 0.
 - uncommit_free_chunks: 1.
 - use_allocation_guard: 0.
 - handle_deallocations: 1.


Internal statistics:

num_allocs_failed_limit: 18.
num_arena_births: 698.
num_arena_deaths: 250.
num_vsnodes_births: 2.
num_vsnodes_deaths: 0.
num_space_committed: 922.
num_space_uncommitted: 0.
num_chunks_returned_to_freelist: 318.
num_chunks_taken_from_freelist: 2564.
num_chunk_merges: 107.
num_chunk_splits: 1771.
num_chunks_enlarged: 1305.
num_inconsistent_stats: 0.

CodeCache: size=49152Kb used=12596Kb max_used=13805Kb free=36555Kb
 bounds [0x000001abb9650000, 0x000001abba3d0000, 0x000001abbc650000]
 total_blobs=7535 nmethods=6858 adapters=601
 compilation: enabled
              stopped_count=0, restarted_count=0
 full_count=0

Compilation events (20 events):
Event: 845.751 Thread 0x000001abc2b882d0 6850       1       org.eclipse.jdt.internal.compiler.util.CharArrayMap::transferTo (45 bytes)
Event: 845.752 Thread 0x000001abc2b882d0 nmethod 6850 0x000001abb9875010 code [0x000001abb98751c0, 0x000001abb9875368]
Event: 845.752 Thread 0x000001abc2b882d0 6848       1       org.eclipse.jdt.internal.compiler.lookup.ModuleBinding$$Lambda$919/0x000000010065bb80::test (8 bytes)
Event: 845.752 Thread 0x000001abc2b882d0 nmethod 6848 0x000001abb9874c90 code [0x000001abb9874e20, 0x000001abb9874f38]
Event: 845.752 Thread 0x000001abc2b882d0 6847       1       org.eclipse.jdt.internal.compiler.lookup.ModuleBinding::lambda$11 (9 bytes)
Event: 845.752 Thread 0x000001abc2b882d0 nmethod 6847 0x000001abb9874910 code [0x000001abb9874aa0, 0x000001abb9874b88]
Event: 845.752 Thread 0x000001abc2b882d0 6851       1       org.eclipse.jdt.internal.compiler.util.JrtFileSystem::getClassfile (29 bytes)
Event: 845.753 Thread 0x000001abc2b882d0 nmethod 6851 0x000001abb9874590 code [0x000001abb9874740, 0x000001abb9874878]
Event: 845.753 Thread 0x000001abc2b882d0 6852       1       org.eclipse.jdt.internal.compiler.batch.ClasspathJrt::findClass (11 bytes)
Event: 845.753 Thread 0x000001abc2b882d0 nmethod 6852 0x000001abb9874290 code [0x000001abb9874420, 0x000001abb9874508]
Event: 845.761 Thread 0x000001abc2b882d0 6853       1       org.eclipse.jdt.internal.compiler.util.HashtableOfObject::<init> (98 bytes)
Event: 845.762 Thread 0x000001abc2b882d0 nmethod 6853 0x000001abb9873810 code [0x000001abb9873a40, 0x000001abb9874068]
Event: 845.764 Thread 0x000001abc2b882d0 6854       1       org.eclipse.jdt.internal.compiler.lookup.ProblemBinding::problemId (5 bytes)
Event: 845.764 Thread 0x000001abc2b882d0 nmethod 6854 0x000001abb9873510 code [0x000001abb98736a0, 0x000001abb9873778]
Event: 845.768 Thread 0x000001abc2b882d0 6855       1       org.eclipse.jdt.internal.compiler.lookup.MethodBinding::isVarargs (15 bytes)
Event: 845.768 Thread 0x000001abc2b882d0 nmethod 6855 0x000001abb9873210 code [0x000001abb98733a0, 0x000001abb98734b8]
Event: 845.769 Thread 0x000001abc2b882d0 6856   !   1       jdk.internal.jrtfs.JrtPath::toUri (169 bytes)
Event: 845.771 Thread 0x000001abc2b882d0 nmethod 6856 0x000001abb9871d90 code [0x000001abb9872040, 0x000001abb9872b98]
Event: 845.771 Thread 0x000001abc2b882d0 6857       1       org.eclipse.jdt.core.dom.ASTConverter::setQualifiedNameNameAndSourceRanges (442 bytes)
Event: 845.774 Thread 0x000001abc2b882d0 nmethod 6857 0x000001abb986f190 code [0x000001abb986f5a0, 0x000001abb9870f48]

GC Heap History (20 events):
Event: 748.937 GC heap before
{Heap before GC invocations=81 (full 53):
 garbage-first heap   total 106496K, used 34187K [0x00000000c0000000, 0x0000000100000000)
  region size 1024K, 1 young (1024K), 0 survivors (0K)
 Metaspace       used 58221K, committed 59008K, reserved 1114112K
  class space    used 7226K, committed 7552K, reserved 1048576K
}
Event: 748.988 GC heap after
{Heap after GC invocations=82 (full 54):
 garbage-first heap   total 106496K, used 34187K [0x00000000c0000000, 0x0000000100000000)
  region size 1024K, 0 young (0K), 0 survivors (0K)
 Metaspace       used 58221K, committed 59008K, reserved 1114112K
  class space    used 7226K, committed 7552K, reserved 1048576K
}
Event: 759.432 GC heap before
{Heap before GC invocations=82 (full 54):
 garbage-first heap   total 106496K, used 34187K [0x00000000c0000000, 0x0000000100000000)
  region size 1024K, 1 young (1024K), 0 survivors (0K)
 Metaspace       used 58221K, committed 59008K, reserved 1114112K
  class space    used 7226K, committed 7552K, reserved 1048576K
}
Event: 759.476 GC heap after
{Heap after GC invocations=83 (full 55):
 garbage-first heap   total 106496K, used 34187K [0x00000000c0000000, 0x0000000100000000)
  region size 1024K, 0 young (0K), 0 survivors (0K)
 Metaspace       used 58221K, committed 59008K, reserved 1114112K
  class space    used 7226K, committed 7552K, reserved 1048576K
}
Event: 769.966 GC heap before
{Heap before GC invocations=83 (full 55):
 garbage-first heap   total 106496K, used 34187K [0x00000000c0000000, 0x0000000100000000)
  region size 1024K, 1 young (1024K), 0 survivors (0K)
 Metaspace       used 58221K, committed 59008K, reserved 1114112K
  class space    used 7226K, committed 7552K, reserved 1048576K
}
Event: 770.012 GC heap after
{Heap after GC invocations=84 (full 56):
 garbage-first heap   total 106496K, used 34187K [0x00000000c0000000, 0x0000000100000000)
  region size 1024K, 0 young (0K), 0 survivors (0K)
 Metaspace       used 58221K, committed 59008K, reserved 1114112K
  class space    used 7226K, committed 7552K, reserved 1048576K
}
Event: 780.381 GC heap before
{Heap before GC invocations=84 (full 56):
 garbage-first heap   total 106496K, used 34187K [0x00000000c0000000, 0x0000000100000000)
  region size 1024K, 1 young (1024K), 0 survivors (0K)
 Metaspace       used 58221K, committed 59008K, reserved 1114112K
  class space    used 7226K, committed 7552K, reserved 1048576K
}
Event: 780.434 GC heap after
{Heap after GC invocations=85 (full 57):
 garbage-first heap   total 106496K, used 34187K [0x00000000c0000000, 0x0000000100000000)
  region size 1024K, 0 young (0K), 0 survivors (0K)
 Metaspace       used 58221K, committed 59008K, reserved 1114112K
  class space    used 7226K, committed 7552K, reserved 1048576K
}
Event: 790.949 GC heap before
{Heap before GC invocations=85 (full 57):
 garbage-first heap   total 106496K, used 34187K [0x00000000c0000000, 0x0000000100000000)
  region size 1024K, 1 young (1024K), 0 survivors (0K)
 Metaspace       used 58221K, committed 59008K, reserved 1114112K
  class space    used 7226K, committed 7552K, reserved 1048576K
}
Event: 790.994 GC heap after
{Heap after GC invocations=86 (full 58):
 garbage-first heap   total 106496K, used 34187K [0x00000000c0000000, 0x0000000100000000)
  region size 1024K, 0 young (0K), 0 survivors (0K)
 Metaspace       used 58221K, committed 59008K, reserved 1114112K
  class space    used 7226K, committed 7552K, reserved 1048576K
}
Event: 801.352 GC heap before
{Heap before GC invocations=86 (full 58):
 garbage-first heap   total 106496K, used 34187K [0x00000000c0000000, 0x0000000100000000)
  region size 1024K, 1 young (1024K), 0 survivors (0K)
 Metaspace       used 58221K, committed 59008K, reserved 1114112K
  class space    used 7226K, committed 7552K, reserved 1048576K
}
Event: 801.398 GC heap after
{Heap after GC invocations=87 (full 59):
 garbage-first heap   total 106496K, used 34187K [0x00000000c0000000, 0x0000000100000000)
  region size 1024K, 0 young (0K), 0 survivors (0K)
 Metaspace       used 58221K, committed 59008K, reserved 1114112K
  class space    used 7226K, committed 7552K, reserved 1048576K
}
Event: 811.893 GC heap before
{Heap before GC invocations=87 (full 59):
 garbage-first heap   total 106496K, used 34187K [0x00000000c0000000, 0x0000000100000000)
  region size 1024K, 1 young (1024K), 0 survivors (0K)
 Metaspace       used 58221K, committed 59008K, reserved 1114112K
  class space    used 7226K, committed 7552K, reserved 1048576K
}
Event: 811.939 GC heap after
{Heap after GC invocations=88 (full 60):
 garbage-first heap   total 106496K, used 34187K [0x00000000c0000000, 0x0000000100000000)
  region size 1024K, 0 young (0K), 0 survivors (0K)
 Metaspace       used 58221K, committed 59008K, reserved 1114112K
  class space    used 7226K, committed 7552K, reserved 1048576K
}
Event: 822.305 GC heap before
{Heap before GC invocations=88 (full 60):
 garbage-first heap   total 106496K, used 34187K [0x00000000c0000000, 0x0000000100000000)
  region size 1024K, 1 young (1024K), 0 survivors (0K)
 Metaspace       used 58221K, committed 59008K, reserved 1114112K
  class space    used 7226K, committed 7552K, reserved 1048576K
}
Event: 822.350 GC heap after
{Heap after GC invocations=89 (full 61):
 garbage-first heap   total 106496K, used 34187K [0x00000000c0000000, 0x0000000100000000)
  region size 1024K, 0 young (0K), 0 survivors (0K)
 Metaspace       used 58221K, committed 59008K, reserved 1114112K
  class space    used 7226K, committed 7552K, reserved 1048576K
}
Event: 832.768 GC heap before
{Heap before GC invocations=89 (full 61):
 garbage-first heap   total 106496K, used 34187K [0x00000000c0000000, 0x0000000100000000)
  region size 1024K, 1 young (1024K), 0 survivors (0K)
 Metaspace       used 58221K, committed 59008K, reserved 1114112K
  class space    used 7226K, committed 7552K, reserved 1048576K
}
Event: 832.823 GC heap after
{Heap after GC invocations=90 (full 62):
 garbage-first heap   total 106496K, used 34187K [0x00000000c0000000, 0x0000000100000000)
  region size 1024K, 0 young (0K), 0 survivors (0K)
 Metaspace       used 58221K, committed 59008K, reserved 1114112K
  class space    used 7226K, committed 7552K, reserved 1048576K
}
Event: 843.284 GC heap before
{Heap before GC invocations=90 (full 62):
 garbage-first heap   total 106496K, used 34187K [0x00000000c0000000, 0x0000000100000000)
  region size 1024K, 1 young (1024K), 0 survivors (0K)
 Metaspace       used 58221K, committed 59008K, reserved 1114112K
  class space    used 7226K, committed 7552K, reserved 1048576K
}
Event: 843.335 GC heap after
{Heap after GC invocations=91 (full 63):
 garbage-first heap   total 106496K, used 34187K [0x00000000c0000000, 0x0000000100000000)
  region size 1024K, 0 young (0K), 0 survivors (0K)
 Metaspace       used 58221K, committed 59008K, reserved 1114112K
  class space    used 7226K, committed 7552K, reserved 1048576K
}

Dll operation events (10 events):
Event: 0.038 Loaded shared library c:\Users\linjingxuan\.vscode\extensions\redhat.java-1.28.1-win32-x64\jre\17.0.10-win32-x86_64\bin\java.dll
Event: 0.673 Loaded shared library C:\Users\linjingxuan\.vscode\extensions\redhat.java-1.28.1-win32-x64\jre\17.0.10-win32-x86_64\bin\net.dll
Event: 0.678 Loaded shared library C:\Users\linjingxuan\.vscode\extensions\redhat.java-1.28.1-win32-x64\jre\17.0.10-win32-x86_64\bin\nio.dll
Event: 0.695 Loaded shared library C:\Users\linjingxuan\.vscode\extensions\redhat.java-1.28.1-win32-x64\jre\17.0.10-win32-x86_64\bin\zip.dll
Event: 1.418 Loaded shared library C:\Users\linjingxuan\.vscode\extensions\redhat.java-1.28.1-win32-x64\jre\17.0.10-win32-x86_64\bin\jimage.dll
Event: 6.674 Loaded shared library c:\Users\linjingxuan\.vscode\extensions\redhat.java-1.28.1-win32-x64\jre\17.0.10-win32-x86_64\bin\verify.dll
Event: 12.129 Loaded shared library C:\Users\linjingxuan\.vscode\extensions\redhat.java-1.28.1-win32-x64\jre\17.0.10-win32-x86_64\bin\management.dll
Event: 12.136 Loaded shared library C:\Users\linjingxuan\.vscode\extensions\redhat.java-1.28.1-win32-x64\jre\17.0.10-win32-x86_64\bin\management_ext.dll
Event: 14.950 Loaded shared library C:\Users\linjingxuan\.vscode\extensions\redhat.java-1.28.1-win32-x64\jre\17.0.10-win32-x86_64\bin\sunmscapi.dll
Event: 15.412 Loaded shared library C:\Users\linjingxuan\.vscode\extensions\redhat.java-1.28.1-win32-x64\jre\17.0.10-win32-x86_64\bin\extnet.dll

Deoptimization events (20 events):
Event: 12.922 Thread 0x000001abc83bd370 DEOPT PACKING pc=0x000001abb9c0c417 sp=0x00000092244fee10
Event: 12.922 Thread 0x000001abc83bd370 DEOPT UNPACKING pc=0x000001abb96a7143 sp=0x00000092244fe268 mode 3
Event: 15.088 Thread 0x000001abc84c49a0 DEOPT PACKING pc=0x000001abb983230c sp=0x0000009225dfac00
Event: 15.088 Thread 0x000001abc84c49a0 DEOPT UNPACKING pc=0x000001abb96a7143 sp=0x0000009225dfa0c8 mode 0
Event: 16.109 Thread 0x000001abc84c4eb0 DEOPT PACKING pc=0x000001abba095d54 sp=0x0000009225efe100
Event: 16.109 Thread 0x000001abc84c4eb0 DEOPT UNPACKING pc=0x000001abb96a7143 sp=0x0000009225efd638 mode 0
Event: 23.770 Thread 0x000001abc84c62f0 DEOPT PACKING pc=0x000001abb9f1368c sp=0x00000092255fe490
Event: 23.770 Thread 0x000001abc84c62f0 DEOPT UNPACKING pc=0x000001abb96a7143 sp=0x00000092255fd9f8 mode 0
Event: 23.770 Thread 0x000001abc84c62f0 DEOPT PACKING pc=0x000001abb9f5ebcc sp=0x00000092255fe5c0
Event: 23.770 Thread 0x000001abc84c62f0 DEOPT UNPACKING pc=0x000001abb96a7143 sp=0x00000092255fdaa0 mode 0
Event: 23.770 Thread 0x000001abc84c62f0 DEOPT PACKING pc=0x000001abb9f1368c sp=0x00000092255fe6f0
Event: 23.770 Thread 0x000001abc84c62f0 DEOPT UNPACKING pc=0x000001abb96a7143 sp=0x00000092255fdc58 mode 0
Event: 23.770 Thread 0x000001abc84c62f0 DEOPT PACKING pc=0x000001abb9f5ebcc sp=0x00000092255fe820
Event: 23.770 Thread 0x000001abc84c62f0 DEOPT UNPACKING pc=0x000001abb96a7143 sp=0x00000092255fdd18 mode 0
Event: 23.772 Thread 0x000001abc84c62f0 DEOPT PACKING pc=0x000001abb9f1368c sp=0x00000092255feb90
Event: 23.772 Thread 0x000001abc84c62f0 DEOPT UNPACKING pc=0x000001abb96a7143 sp=0x00000092255fe0f8 mode 0
Event: 23.772 Thread 0x000001abc84c62f0 DEOPT PACKING pc=0x000001abb9f5ebcc sp=0x00000092255fecc0
Event: 23.772 Thread 0x000001abc84c62f0 DEOPT UNPACKING pc=0x000001abb96a7143 sp=0x00000092255fe1b8 mode 0
Event: 180.341 Thread 0x000001abc83bf6e0 DEOPT PACKING pc=0x000001abb9cf2254 sp=0x00000092240fefd0
Event: 180.341 Thread 0x000001abc83bf6e0 DEOPT UNPACKING pc=0x000001abb96a7143 sp=0x00000092240fe458 mode 0

Classes unloaded (20 events):
Event: 115.011 Thread 0x000001abc2aa4120 Unloading class 0x000000010008c800 'java/lang/invoke/LambdaForm$MH+0x000000010008c800'
Event: 115.011 Thread 0x000001abc2aa4120 Unloading class 0x000000010008c000 'java/lang/invoke/LambdaForm$MH+0x000000010008c000'
Event: 115.011 Thread 0x000001abc2aa4120 Unloading class 0x0000000100088400 'java/lang/invoke/LambdaForm$MH+0x0000000100088400'
Event: 125.479 Thread 0x000001abc2aa4120 Unloading class 0x000000010074e800 'jdk/internal/reflect/GeneratedConstructorAccessor46'
Event: 125.479 Thread 0x000001abc2aa4120 Unloading class 0x000000010074e400 'jdk/internal/reflect/GeneratedMethodAccessor17'
Event: 125.479 Thread 0x000001abc2aa4120 Unloading class 0x000000010074e000 'jdk/internal/reflect/GeneratedMethodAccessor16'
Event: 125.479 Thread 0x000001abc2aa4120 Unloading class 0x000000010074dc00 'jdk/internal/reflect/GeneratedConstructorAccessor45'
Event: 125.479 Thread 0x000001abc2aa4120 Unloading class 0x000000010074d800 'jdk/internal/reflect/GeneratedConstructorAccessor44'
Event: 125.480 Thread 0x000001abc2aa4120 Unloading class 0x000000010074d400 'jdk/internal/reflect/GeneratedMethodAccessor15'
Event: 125.480 Thread 0x000001abc2aa4120 Unloading class 0x000000010074d000 'jdk/internal/reflect/GeneratedMethodAccessor14'
Event: 125.480 Thread 0x000001abc2aa4120 Unloading class 0x000000010074cc00 'jdk/internal/reflect/GeneratedMethodAccessor13'
Event: 125.480 Thread 0x000001abc2aa4120 Unloading class 0x000000010056c400 'jdk/internal/reflect/GeneratedConstructorAccessor24'
Event: 125.480 Thread 0x000001abc2aa4120 Unloading class 0x000000010056c000 'jdk/internal/reflect/GeneratedConstructorAccessor23'
Event: 125.480 Thread 0x000001abc2aa4120 Unloading class 0x000000010008e800 'java/lang/invoke/LambdaForm$MH+0x000000010008e800'
Event: 125.480 Thread 0x000001abc2aa4120 Unloading class 0x000000010008e400 'java/lang/invoke/LambdaForm$MH+0x000000010008e400'
Event: 125.480 Thread 0x000001abc2aa4120 Unloading class 0x000000010008e000 'java/lang/invoke/LambdaForm$MH+0x000000010008e000'
Event: 125.480 Thread 0x000001abc2aa4120 Unloading class 0x000000010008dc00 'java/lang/invoke/LambdaForm$MH+0x000000010008dc00'
Event: 125.480 Thread 0x000001abc2aa4120 Unloading class 0x000000010008d800 'java/lang/invoke/LambdaForm$MH+0x000000010008d800'
Event: 125.480 Thread 0x000001abc2aa4120 Unloading class 0x000000010008d400 'java/lang/invoke/LambdaForm$MH+0x000000010008d400'
Event: 125.480 Thread 0x000001abc2aa4120 Unloading class 0x000000010008bc00 'java/lang/invoke/LambdaForm$MH+0x000000010008bc00'

Classes redefined (0 events):
No events

Internal exceptions (20 events):
Event: 20.711 Thread 0x000001abc84c62f0 Exception <a 'sun/nio/fs/WindowsException'{0x00000000c5be1fa8}> (0x00000000c5be1fa8) 
thrown [s\src\hotspot\share\prims\jni.cpp, line 516]
Event: 20.711 Thread 0x000001abc84c62f0 Exception <a 'sun/nio/fs/WindowsException'{0x00000000c5be2b70}> (0x00000000c5be2b70) 
thrown [s\src\hotspot\share\prims\jni.cpp, line 516]
Event: 21.502 Thread 0x000001abc84c4eb0 Exception <a 'java/lang/reflect/InvocationTargetException'{0x00000000c6e5f910}> (0x00000000c6e5f910) 
thrown [s\src\hotspot\share\runtime\reflection.cpp, line 1121]
Event: 21.592 Thread 0x000001abc84c62f0 Exception <a 'sun/nio/fs/WindowsException'{0x00000000c74fd858}> (0x00000000c74fd858) 
thrown [s\src\hotspot\share\prims\jni.cpp, line 516]
Event: 21.592 Thread 0x000001abc84c62f0 Exception <a 'sun/nio/fs/WindowsException'{0x00000000c74fe2e8}> (0x00000000c74fe2e8) 
thrown [s\src\hotspot\share\prims\jni.cpp, line 516]
Event: 21.592 Thread 0x000001abc84c62f0 Exception <a 'sun/nio/fs/WindowsException'{0x00000000c74fed28}> (0x00000000c74fed28) 
thrown [s\src\hotspot\share\prims\jni.cpp, line 516]
Event: 21.592 Thread 0x000001abc84c62f0 Exception <a 'sun/nio/fs/WindowsException'{0x00000000c74ff7f8}> (0x00000000c74ff7f8) 
thrown [s\src\hotspot\share\prims\jni.cpp, line 516]
Event: 21.597 Thread 0x000001abc84c62f0 Exception <a 'sun/nio/fs/WindowsException'{0x00000000c77003d8}> (0x00000000c77003d8) 
thrown [s\src\hotspot\share\prims\jni.cpp, line 516]
Event: 21.597 Thread 0x000001abc84c62f0 Exception <a 'sun/nio/fs/WindowsException'{0x00000000c7780f48}> (0x00000000c7780f48) 
thrown [s\src\hotspot\share\prims\jni.cpp, line 516]
Event: 21.598 Thread 0x000001abc84c62f0 Exception <a 'sun/nio/fs/WindowsException'{0x00000000c7782600}> (0x00000000c7782600) 
thrown [s\src\hotspot\share\prims\jni.cpp, line 516]
Event: 21.598 Thread 0x000001abc84c62f0 Exception <a 'sun/nio/fs/WindowsException'{0x00000000c7783090}> (0x00000000c7783090) 
thrown [s\src\hotspot\share\prims\jni.cpp, line 516]
Event: 21.598 Thread 0x000001abc84c62f0 Exception <a 'sun/nio/fs/WindowsException'{0x00000000c7783ad0}> (0x00000000c7783ad0) 
thrown [s\src\hotspot\share\prims\jni.cpp, line 516]
Event: 21.598 Thread 0x000001abc84c62f0 Exception <a 'sun/nio/fs/WindowsException'{0x00000000c7784560}> (0x00000000c7784560) 
thrown [s\src\hotspot\share\prims\jni.cpp, line 516]
Event: 21.598 Thread 0x000001abc84c62f0 Exception <a 'sun/nio/fs/WindowsException'{0x00000000c7785128}> (0x00000000c7785128) 
thrown [s\src\hotspot\share\prims\jni.cpp, line 516]
Event: 21.598 Thread 0x000001abc84c62f0 Exception <a 'sun/nio/fs/WindowsException'{0x00000000c7785c88}> (0x00000000c7785c88) 
thrown [s\src\hotspot\share\prims\jni.cpp, line 516]
Event: 62.114 Thread 0x000001abc83bce60 Exception <a 'java/lang/NoSuchMethodError'{0x00000000c771f5b8}: 'void java.lang.invoke.DirectMethodHandle$Holder.invokeStatic(java.lang.Object, long)'> (0x00000000c771f5b8) 
thrown [s\src\hotspot\share\interpreter\linkResolver.cpp, line 759]
Event: 62.115 Thread 0x000001abc83bce60 Exception <a 'java/lang/NoSuchMethodError'{0x00000000c77249b8}: 'java.lang.Object java.lang.invoke.DirectMethodHandle$Holder.newInvokeSpecial(java.lang.Object, long)'> (0x00000000c77249b8) 
thrown [s\src\hotspot\share\interpreter\linkResolver.cpp, line 759]
Event: 316.845 Thread 0x000001abc85e43f0 Exception <a 'java/io/IOException'{0x00000000c6775878}> (0x00000000c6775878) 
thrown [s\src\hotspot\share\prims\jni.cpp, line 516]
Event: 318.870 Thread 0x000001abc85e39d0 Exception <a 'java/io/IOException'{0x00000000c6782550}> (0x00000000c6782550) 
thrown [s\src\hotspot\share\prims\jni.cpp, line 516]
Event: 319.910 Thread 0x000001abc85e6c70 Exception <a 'java/io/IOException'{0x00000000c6787dd0}> (0x00000000c6787dd0) 
thrown [s\src\hotspot\share\prims\jni.cpp, line 516]

VM Operations (20 events):
Event: 759.476 Executing VM operation: G1CollectFull done
Event: 769.966 Executing VM operation: G1CollectFull
Event: 770.012 Executing VM operation: G1CollectFull done
Event: 780.381 Executing VM operation: G1CollectFull
Event: 780.434 Executing VM operation: G1CollectFull done
Event: 790.949 Executing VM operation: G1CollectFull
Event: 790.994 Executing VM operation: G1CollectFull done
Event: 801.352 Executing VM operation: G1CollectFull
Event: 801.398 Executing VM operation: G1CollectFull done
Event: 811.892 Executing VM operation: G1CollectFull
Event: 811.939 Executing VM operation: G1CollectFull done
Event: 822.305 Executing VM operation: G1CollectFull
Event: 822.350 Executing VM operation: G1CollectFull done
Event: 832.768 Executing VM operation: G1CollectFull
Event: 832.823 Executing VM operation: G1CollectFull done
Event: 843.284 Executing VM operation: G1CollectFull
Event: 843.335 Executing VM operation: G1CollectFull done
Event: 846.365 Executing VM operation: Cleanup
Event: 846.365 Executing VM operation: Cleanup done
Event: 883.445 Executing VM operation: G1CollectFull

Events (20 events):
Event: 316.842 loading class sun/security/ssl/Alert$Level done
Event: 316.846 loading class sun/net/ConnectionResetException
Event: 316.846 loading class sun/net/ConnectionResetException done
Event: 376.859 Thread 0x000001abc85e34c0 Thread exited: 0x000001abc85e34c0
Event: 378.862 Thread 0x000001abc85e94f0 Thread exited: 0x000001abc85e94f0
Event: 378.878 Thread 0x000001abc85e39d0 Thread exited: 0x000001abc85e39d0
Event: 379.919 Thread 0x000001abc85e6c70 Thread exited: 0x000001abc85e6c70
Event: 379.919 Thread 0x000001abc85e43f0 Thread exited: 0x000001abc85e43f0
Event: 400.390 Thread 0x000001abc85e5d40 Thread added: 0x000001abc85e5d40
Event: 400.391 Thread 0x000001abc85ea930 Thread added: 0x000001abc85ea930
Event: 460.426 Thread 0x000001abc85ea930 Thread exited: 0x000001abc85ea930
Event: 494.543 Thread 0x000001abc85e5d40 Thread exited: 0x000001abc85e5d40
Event: 568.254 Thread 0x000001abc85e7ba0 Thread added: 0x000001abc85e7ba0
Event: 568.256 Thread 0x000001abc85e34c0 Thread added: 0x000001abc85e34c0
Event: 568.289 Thread 0x000001abc7982840 Thread added: 0x000001abc7982840
Event: 573.315 Thread 0x000001abc7982840 Thread exited: 0x000001abc7982840
Event: 628.288 Thread 0x000001abc85e34c0 Thread exited: 0x000001abc85e34c0
Event: 628.289 Thread 0x000001abc85e7ba0 Thread exited: 0x000001abc85e7ba0
Event: 845.744 Thread 0x000001abc85e39d0 Thread added: 0x000001abc85e39d0
Event: 845.747 Thread 0x000001abc85e85c0 Thread added: 0x000001abc85e85c0


Dynamic libraries:
0x00007ff78b8c0000 - 0x00007ff78b8ce000 	c:\Users\linjingxuan\.vscode\extensions\redhat.java-1.28.1-win32-x64\jre\17.0.10-win32-x86_64\bin\java.exe
0x00007ffb3b0b0000 - 0x00007ffb3b2c7000 	C:\Windows\SYSTEM32\ntdll.dll
0x00007ffb39520000 - 0x00007ffb395e4000 	C:\Windows\System32\KERNEL32.DLL
0x00007ffb38990000 - 0x00007ffb38d36000 	C:\Windows\System32\KERNELBASE.dll
0x00007ffb38750000 - 0x00007ffb38861000 	C:\Windows\System32\ucrtbase.dll
0x00007ffb1e410000 - 0x00007ffb1e42b000 	c:\Users\linjingxuan\.vscode\extensions\redhat.java-1.28.1-win32-x64\jre\17.0.10-win32-x86_64\bin\VCRUNTIME140.dll
0x00007ffb25ae0000 - 0x00007ffb25af7000 	c:\Users\linjingxuan\.vscode\extensions\redhat.java-1.28.1-win32-x64\jre\17.0.10-win32-x86_64\bin\jli.dll
0x00007ffb395f0000 - 0x00007ffb3979e000 	C:\Windows\System32\USER32.dll
0x00007ffb23a10000 - 0x00007ffb23ca3000 	C:\Windows\WinSxS\amd64_microsoft.windows.common-controls_6595b64144ccf1df_6.0.22621.2506_none_270c5ae97388e100\COMCTL32.dll
0x00007ffb38460000 - 0x00007ffb38486000 	C:\Windows\System32\win32u.dll
0x00007ffb398b0000 - 0x00007ffb39957000 	C:\Windows\System32\msvcrt.dll
0x00007ffb38fd0000 - 0x00007ffb38ff9000 	C:\Windows\System32\GDI32.dll
0x00007ffb384c0000 - 0x00007ffb385d8000 	C:\Windows\System32\gdi32full.dll
0x00007ffb388f0000 - 0x00007ffb3898a000 	C:\Windows\System32\msvcp_win.dll
0x00007ffb38f30000 - 0x00007ffb38f61000 	C:\Windows\System32\IMM32.DLL
0x00007ffb27430000 - 0x00007ffb2743c000 	c:\Users\linjingxuan\.vscode\extensions\redhat.java-1.28.1-win32-x64\jre\17.0.10-win32-x86_64\bin\vcruntime140_1.dll
0x00007ffaf58d0000 - 0x00007ffaf595d000 	c:\Users\linjingxuan\.vscode\extensions\redhat.java-1.28.1-win32-x64\jre\17.0.10-win32-x86_64\bin\msvcp140.dll
0x00007ffaf13c0000 - 0x00007ffaf2022000 	c:\Users\linjingxuan\.vscode\extensions\redhat.java-1.28.1-win32-x64\jre\17.0.10-win32-x86_64\bin\server\jvm.dll
0x00007ffb3a910000 - 0x00007ffb3a9c3000 	C:\Windows\System32\ADVAPI32.dll
0x00007ffb39b10000 - 0x00007ffb39bb8000 	C:\Windows\System32\sechost.dll
0x00007ffb38490000 - 0x00007ffb384b8000 	C:\Windows\System32\bcrypt.dll
0x00007ffb39020000 - 0x00007ffb39137000 	C:\Windows\System32\RPCRT4.dll
0x00007ffb382d0000 - 0x00007ffb3831d000 	C:\Windows\SYSTEM32\POWRPROF.dll
0x00007ffb274a0000 - 0x00007ffb274a9000 	C:\Windows\SYSTEM32\WSOCK32.dll
0x00007ffb38eb0000 - 0x00007ffb38f21000 	C:\Windows\System32\WS2_32.dll
0x00007ffb2fd20000 - 0x00007ffb2fd54000 	C:\Windows\SYSTEM32\WINMM.dll
0x00007ffb2e680000 - 0x00007ffb2e68a000 	C:\Windows\SYSTEM32\VERSION.dll
0x00007ffb38290000 - 0x00007ffb382a3000 	C:\Windows\SYSTEM32\UMPDC.dll
0x00007ffb37430000 - 0x00007ffb37448000 	C:\Windows\SYSTEM32\kernel.appcore.dll
0x00007ffb26190000 - 0x00007ffb2619a000 	c:\Users\linjingxuan\.vscode\extensions\redhat.java-1.28.1-win32-x64\jre\17.0.10-win32-x86_64\bin\jimage.dll
0x00007ffb2b0a0000 - 0x00007ffb2b2d3000 	C:\Windows\SYSTEM32\DBGHELP.DLL
0x00007ffb3aa50000 - 0x00007ffb3add9000 	C:\Windows\System32\combase.dll
0x00007ffb3ade0000 - 0x00007ffb3aeb7000 	C:\Windows\System32\OLEAUT32.dll
0x00007ffb20260000 - 0x00007ffb20292000 	C:\Windows\SYSTEM32\dbgcore.DLL
0x00007ffb38870000 - 0x00007ffb388ea000 	C:\Windows\System32\bcryptPrimitives.dll
0x00007ffb1b120000 - 0x00007ffb1b145000 	c:\Users\linjingxuan\.vscode\extensions\redhat.java-1.28.1-win32-x64\jre\17.0.10-win32-x86_64\bin\java.dll
0x00007ffb19330000 - 0x00007ffb19348000 	c:\Users\linjingxuan\.vscode\extensions\redhat.java-1.28.1-win32-x64\jre\17.0.10-win32-x86_64\bin\zip.dll
0x00007ffb3a0a0000 - 0x00007ffb3a8fb000 	C:\Windows\System32\SHELL32.dll
0x00007ffb36350000 - 0x00007ffb36c46000 	C:\Windows\SYSTEM32\windows.storage.dll
0x00007ffb36210000 - 0x00007ffb3634e000 	C:\Windows\SYSTEM32\wintypes.dll
0x00007ffb39390000 - 0x00007ffb39483000 	C:\Windows\System32\SHCORE.dll
0x00007ffb38f70000 - 0x00007ffb38fce000 	C:\Windows\System32\shlwapi.dll
0x00007ffb38320000 - 0x00007ffb38346000 	C:\Windows\SYSTEM32\profapi.dll
0x00007ffb18460000 - 0x00007ffb18479000 	C:\Users\linjingxuan\.vscode\extensions\redhat.java-1.28.1-win32-x64\jre\17.0.10-win32-x86_64\bin\net.dll
0x00007ffb31610000 - 0x00007ffb31747000 	C:\Windows\SYSTEM32\WINHTTP.dll
0x00007ffb378b0000 - 0x00007ffb37919000 	C:\Windows\system32\mswsock.dll
0x00007ffb18440000 - 0x00007ffb18456000 	C:\Users\linjingxuan\.vscode\extensions\redhat.java-1.28.1-win32-x64\jre\17.0.10-win32-x86_64\bin\nio.dll
0x00007ffb22c30000 - 0x00007ffb22c40000 	c:\Users\linjingxuan\.vscode\extensions\redhat.java-1.28.1-win32-x64\jre\17.0.10-win32-x86_64\bin\verify.dll
0x00007ffb37b10000 - 0x00007ffb37b2b000 	C:\Windows\SYSTEM32\CRYPTSP.dll
0x00007ffb37390000 - 0x00007ffb373c5000 	C:\Windows\system32\rsaenh.dll
0x00007ffb379a0000 - 0x00007ffb379cc000 	C:\Windows\SYSTEM32\USERENV.dll
0x00007ffb37b00000 - 0x00007ffb37b0c000 	C:\Windows\SYSTEM32\CRYPTBASE.dll
0x00007ffb36eb0000 - 0x00007ffb36edd000 	C:\Windows\SYSTEM32\IPHLPAPI.DLL
0x00007ffb398a0000 - 0x00007ffb398a9000 	C:\Windows\System32\NSI.dll
0x00007ffb31350000 - 0x00007ffb31369000 	C:\Windows\SYSTEM32\dhcpcsvc6.DLL
0x00007ffb31280000 - 0x00007ffb3129f000 	C:\Windows\SYSTEM32\dhcpcsvc.DLL
0x00007ffb36f20000 - 0x00007ffb37019000 	C:\Windows\SYSTEM32\DNSAPI.dll
0x00007ffb20460000 - 0x00007ffb20469000 	C:\Users\linjingxuan\.vscode\extensions\redhat.java-1.28.1-win32-x64\jre\17.0.10-win32-x86_64\bin\management.dll
0x00007ffb1e8d0000 - 0x00007ffb1e8db000 	C:\Users\linjingxuan\.vscode\extensions\redhat.java-1.28.1-win32-x64\jre\17.0.10-win32-x86_64\bin\management_ext.dll
0x00007ffb391a0000 - 0x00007ffb391a8000 	C:\Windows\System32\PSAPI.DLL
0x00007ffb207f0000 - 0x00007ffb207fe000 	C:\Users\linjingxuan\.vscode\extensions\redhat.java-1.28.1-win32-x64\jre\17.0.10-win32-x86_64\bin\sunmscapi.dll
0x00007ffb385e0000 - 0x00007ffb38746000 	C:\Windows\System32\CRYPT32.dll
0x00007ffb37ca0000 - 0x00007ffb37cce000 	C:\Windows\SYSTEM32\ncrypt.dll
0x00007ffb37c60000 - 0x00007ffb37c97000 	C:\Windows\SYSTEM32\NTASN1.dll
0x00007ffb2e670000 - 0x00007ffb2e67a000 	C:\Windows\System32\rasadhlp.dll
0x00007ffb2f8b0000 - 0x00007ffb2f933000 	C:\Windows\System32\fwpuclnt.dll
0x00007ffb1e3d0000 - 0x00007ffb1e3d9000 	C:\Users\linjingxuan\.vscode\extensions\redhat.java-1.28.1-win32-x64\jre\17.0.10-win32-x86_64\bin\extnet.dll

dbghelp: loaded successfully - version: 4.0.5 - missing functions: none
symbol engine: initialized successfully - sym options: 0x614 - pdb path: .;c:\Users\linjingxuan\.vscode\extensions\redhat.java-1.28.1-win32-x64\jre\17.0.10-win32-x86_64\bin;C:\Windows\SYSTEM32;C:\Windows\WinSxS\amd64_microsoft.windows.common-controls_6595b64144ccf1df_6.0.22621.2506_none_270c5ae97388e100;c:\Users\linjingxuan\.vscode\extensions\redhat.java-1.28.1-win32-x64\jre\17.0.10-win32-x86_64\bin\server

VM Arguments:
jvm_args: -XX:+HeapDumpOnOutOfMemoryError -Xmx1024m -Dsts.lsp.client=vscode -Dsts.log.file=/dev/null -XX:TieredStopAtLevel=1 -Xlog:jni+resolve=off -Dspring.config.location=file:c:\Users\linjingxuan\.vscode\extensions\vmware.vscode-spring-boot-1.52.0\language-server\BOOT-INF\classes\application.properties 
java_command: org.springframework.ide.vscode.boot.app.BootLanguageServerBootApp
java_class_path (initial): c:\Users\linjingxuan\.vscode\extensions\vmware.vscode-spring-boot-1.52.0\language-server\BOOT-INF\classes;c:\Users\linjingxuan\.vscode\extensions\vmware.vscode-spring-boot-1.52.0\language-server\BOOT-INF\lib\annotations-24.1.0.jar;c:\Users\linjingxuan\.vscode\extensions\vmware.vscode-spring-boot-1.52.0\language-server\BOOT-INF\lib\antlr4-runtime-4.11.1.jar;c:\Users\linjingxuan\.vscode\extensions\vmware.vscode-spring-boot-1.52.0\language-server\BOOT-INF\lib\asm-9.6.jar;c:\Users\linjingxuan\.vscode\extensions\vmware.vscode-spring-boot-1.52.0\language-server\BOOT-INF\lib\asm-analysis-9.6.jar;c:\Users\linjingxuan\.vscode\extensions\vmware.vscode-spring-boot-1.52.0\language-server\BOOT-INF\lib\asm-tree-9.6.jar;c:\Users\linjingxuan\.vscode\extensions\vmware.vscode-spring-boot-1.52.0\language-server\BOOT-INF\lib\asm-util-9.6.jar;c:\Users\linjingxuan\.vscode\extensions\vmware.vscode-spring-boot-1.52.0\language-server\BOOT-INF\lib\caffeine-3.1.8.jar;c:\Users\linjingxuan\.vscode\extensions\vmware.vscode-spring-boot-1.52.0\language-server\BOOT-INF\lib\checker-qual-3.12.0.jar;c:\Users\linjingxuan\.vscode\extensions\vmware.vscode-spring-boot-1.52.0\language-server\BOOT-INF\lib\classgraph-4.8.149.jar;c:\Users\linjingxuan\.vscode\extensions\vmware.vscode-spring-boot-1.52.0\language-server\BOOT-INF\lib\commons-codec-1.16.0.jar;c:\Users\linjingxuan\.vscode\extensions\vmware.vscode-spring-boot-1.52.0\language-server\BOOT-INF\lib\commons-compress-1.25.0.jar;c:\Users\linjingxuan\.vscode\extensions\vmware.vscode-spring-boot-1.52.0\language-server\BOOT-INF\lib\commons-io-2.4.jar;c:\Users\linjingxuan\.vscode\extensions\vmware.vscode-spring-boot-1.52.0\language-server\BOOT-INF\lib\commons-java-1.52.0-SNAPSHOT.jar;c:\Users\linjingxuan\.vscode\extensions\vmware.vscode-spring-boot-1.52.0\language-server\BOOT-INF\lib\commons-lang3-3.13.0.jar;c:\Users\linjingxuan\.vscode\extensions\vmware.vscode-spring-boot-1.52.0\language-server\BOOT-INF\lib\commons-language-server
Launcher Type: SUN_STANDARD

[Global flags]
     intx CICompilerCount                          = 12                                        {product} {ergonomic}
     uint ConcGCThreads                            = 3                                         {product} {ergonomic}
     uint G1ConcRefinementThreads                  = 13                                        {product} {ergonomic}
   size_t G1HeapRegionSize                         = 1048576                                   {product} {ergonomic}
    uintx GCDrainStackTargetSize                   = 64                                        {product} {ergonomic}
     bool HeapDumpOnOutOfMemoryError               = true                                   {manageable} {command line}
   size_t InitialHeapSize                          = 125829120                                 {product} {ergonomic}
   size_t MarkStackSize                            = 4194304                                   {product} {ergonomic}
   size_t MaxHeapSize                              = 1073741824                                {product} {command line}
   size_t MaxNewSize                               = 643825664                                 {product} {ergonomic}
   size_t MinHeapDeltaBytes                        = 1048576                                   {product} {ergonomic}
   size_t MinHeapSize                              = 8388608                                   {product} {ergonomic}
    uintx NonProfiledCodeHeapSize                  = 0                                      {pd product} {ergonomic}
     bool ProfileInterpreter                       = false                                  {pd product} {command line}
    uintx ProfiledCodeHeapSize                     = 0                                      {pd product} {ergonomic}
   size_t SoftMaxHeapSize                          = 1073741824                             {manageable} {ergonomic}
     intx TieredStopAtLevel                        = 1                                         {product} {command line}
     bool UseCompressedClassPointers               = true                           {product lp64_product} {ergonomic}
     bool UseCompressedOops                        = true                           {product lp64_product} {ergonomic}
     bool UseG1GC                                  = true                                      {product} {ergonomic}
     bool UseLargePagesIndividualAllocation        = false                                  {pd product} {ergonomic}

Logging:
Log output configuration:
 #0: stdout all=warning,jni+resolve=off uptime,level,tags
 #1: stderr all=off uptime,level,tags

Environment Variables:
JAVA_HOME=D:\software\jdk11
PATH=C:\Program Files (x86)\Common Files\Oracle\Java\javapath;D:\software\jdk11\bin;C:\Program Files\NVIDIA GPU Computing Toolkit\CUDA\v11.8\bin;C:\Program Files\NVIDIA GPU Computing Toolkit\CUDA\v11.8\libnvvp;D:\software\vmware\bin\;C:\Windows\system32;C:\Windows;C:\Windows\System32\Wbem;C:\Windows\System32\WindowsPowerShell\v1.0\;C:\Windows\System32\OpenSSH\;D:\software\nvm;D:\software\nodejs;C:\Program Files\dotnet\;D:\software\maven\apache-maven-3.9.6\bin;D:\software\miniconda;D:\software\miniconda\Scripts;D:\software\miniconda\Library\bin;D:\software\mingw64\ucrt64\bin;C:\Program Files\MySQL\MySQL Server 8.2\bin;D:\software\Git\cmd;C:\Program Files (x86)\NVIDIA Corporation\PhysX\Common;C:\Program Files\NVIDIA Corporation\NVIDIA NvDLISR;C:\Program Files\NVIDIA Corporation\Nsight Compute 2022.3.0\;D:\software\go\bin;D:\Windows Kits\10\Windows Performance Toolkit\;D:\software\vsstudio\VC\Tools\MSVC\14.16.27023\bin\HostX64\x64;C:\Users\linjingxuan\go\bin;D:\software\protoc\bin;;D:\software\web\dll;C:\Users\linjingxuan\AppData\Local\Microsoft\WindowsApps;D:\software\nvm;D:\software\nodejs;D:\software\Microsoft VS Code\bin;C:\Users\linjingxuan\AppData\Local\JetBrains\Toolbox\scripts;C:\Users\linjingxuan\go\bin
USERNAME=linjingxuan
OS=Windows_NT
PROCESSOR_IDENTIFIER=AMD64 Family 23 Model 96 Stepping 1, AuthenticAMD
TMP=C:\Users\LINJIN~1\AppData\Local\Temp
TEMP=C:\Users\LINJIN~1\AppData\Local\Temp



Periodic native trim disabled


---------------  S Y S T E M  ---------------

OS:
 Windows 11 , 64 bit Build 22621 (10.0.22621.3085)
OS uptime: 3 days 21:46 hours

CPU: total 16 (initial active 16) (16 cores per cpu, 2 threads per core) family 23 model 96 stepping 1 microcode 0x0, cx8, cmov, fxsr, ht, mmx, 3dnowpref, sse, sse2, sse3, ssse3, sse4a, sse4.1, sse4.2, popcnt, lzcnt, tsc, tscinvbit, avx, avx2, aes, clmul, bmi1, bmi2, adx, sha, fma, vzeroupper, clflush, clflushopt
Processor Information for all 16 processors :
  Max Mhz: 2900, Current Mhz: 1700, Mhz Limit: 2900

Memory: 4k page, system-wide physical 7599M (524M free)
TotalPageFile size 31151M (AvailPageFile size 6M)
current process WorkingSet (physical memory assigned to process): 134M, peak: 258M
current process commit charge ("private bytes"): 284M, peak: 325M

vm_info: OpenJDK 64-Bit Server VM (17.0.10+7) for windows-amd64 JRE (17.0.10+7), built on Jan 16 2024 23:25:11 by "admin" with MS VC++ 16.10 / 16.11 (VS2019)

END.
